[debug] [2025-09-18T14:58:43.078Z] ----------------------------------------------------------------------
[debug] [2025-09-18T14:58:43.080Z] Command:       /usr/local/bin/firebase /home/yaruha/.cache/firebase/tools/lib/node_modules/firebase-tools/lib/bin/firebase init
[debug] [2025-09-18T14:58:43.080Z] CLI Version:   14.15.2
[debug] [2025-09-18T14:58:43.080Z] Platform:      linux
[debug] [2025-09-18T14:58:43.080Z] Node Version:  v20.18.2
[debug] [2025-09-18T14:58:43.080Z] Time:          Thu Sep 18 2025 23:58:43 GMT+0900 (Japan Standard Time)
[debug] [2025-09-18T14:58:43.080Z] ----------------------------------------------------------------------
[debug] 
[debug] [2025-09-18T14:58:43.081Z] >>> [apiv2][query] GET https://firebase-public.firebaseio.com/cli.json [none]
[debug] [2025-09-18T14:58:43.100Z] > command requires scopes: ["email","openid","https://www.googleapis.com/auth/cloudplatformprojects.readonly","https://www.googleapis.com/auth/firebase","https://www.googleapis.com/auth/cloud-platform"]
[debug] [2025-09-18T14:58:43.101Z] > authorizing via signed-in user (blckcaties@gmail.com)
[info] 
     ######## #### ########  ######## ########     ###     ######  ########
     ##        ##  ##     ## ##       ##     ##  ##   ##  ##       ##
     ######    ##  ########  ######   ########  #########  ######  ######
     ##        ##  ##    ##  ##       ##     ## ##     ##       ## ##
     ##       #### ##     ## ######## ########  ##     ##  ######  ########

You're about to initialize a Firebase project in this directory:

  /home/yaruha/project-dev/web-app/jisou-app/kadai4

[debug] [2025-09-18T14:58:43.491Z] <<< [apiv2][status] GET https://firebase-public.firebaseio.com/cli.json 200
[debug] [2025-09-18T14:58:43.491Z] <<< [apiv2][body] GET https://firebase-public.firebaseio.com/cli.json {"cloudBuildErrorAfter":1594252800000,"cloudBuildWarnAfter":1590019200000,"defaultNode10After":1594252800000,"minVersion":"3.0.5","node8DeploysDisabledAfter":1613390400000,"node8RuntimeDisabledAfter":1615809600000,"node8WarnAfter":1600128000000}
[info] 
=== Project Setup
[info] 
[info] First, let's associate this project directory with a Firebase project.
[info] You can create multiple project aliases by running firebase use --add, 
[info] but for now we'll just set up a default project.
[info] 
[debug] [2025-09-18T14:59:11.524Z] Checked if tokens are valid: false, expires at: 1757731832419
[debug] [2025-09-18T14:59:11.525Z] Checked if tokens are valid: false, expires at: 1757731832419
[debug] [2025-09-18T14:59:11.525Z] > refreshing access token with scopes: []
[debug] [2025-09-18T14:59:11.525Z] >>> [apiv2][query] POST https://www.googleapis.com/oauth2/v3/token [none]
[debug] [2025-09-18T14:59:11.525Z] >>> [apiv2][body] POST https://www.googleapis.com/oauth2/v3/token [omitted]
[debug] [2025-09-18T14:59:11.709Z] <<< [apiv2][status] POST https://www.googleapis.com/oauth2/v3/token 200
[debug] [2025-09-18T14:59:11.709Z] <<< [apiv2][body] POST https://www.googleapis.com/oauth2/v3/token [omitted]
[debug] [2025-09-18T14:59:11.715Z] >>> [apiv2][query] GET https://firebase.googleapis.com/v1beta1/availableProjects pageSize=100
[debug] [2025-09-18T14:59:12.506Z] <<< [apiv2][status] GET https://firebase.googleapis.com/v1beta1/availableProjects 200
[debug] [2025-09-18T14:59:12.506Z] <<< [apiv2][body] GET https://firebase.googleapis.com/v1beta1/availableProjects [omitted]
[debug] [2025-09-18T14:59:16.587Z] ExitPromptError: User force closed the prompt with SIGINT
    at Interface.sigint (/home/yaruha/.cache/firebase/tools/lib/node_modules/@inquirer/core/dist/commonjs/lib/create-prompt.js:101:37)
    at Interface.emit (node:events:518:28)
    at Interface.emit (node:domain:489:12)
    at [_ttyWrite] [as _ttyWrite] (node:internal/readline/interface:1125:18)
    at ReadStream.onkeypress (node:internal/readline/interface:264:20)
    at ReadStream.emit (node:events:530:35)
    at ReadStream.emit (node:domain:489:12)
    at emitKeys (node:internal/readline/utils:371:14)
    at emitKeys.next (<anonymous>)
    at ReadStream.onData (node:internal/readline/emitKeypressEvents:64:36)
[error] 
[error] Error: An unexpected error has occurred.
[debug] [2025-09-18T14:59:18.833Z] ----------------------------------------------------------------------
[debug] [2025-09-18T14:59:18.834Z] Command:       /usr/local/bin/firebase /home/yaruha/.cache/firebase/tools/lib/node_modules/firebase-tools/lib/bin/firebase init
[debug] [2025-09-18T14:59:18.834Z] CLI Version:   14.15.2
[debug] [2025-09-18T14:59:18.834Z] Platform:      linux
[debug] [2025-09-18T14:59:18.834Z] Node Version:  v20.18.2
[debug] [2025-09-18T14:59:18.834Z] Time:          Thu Sep 18 2025 23:59:18 GMT+0900 (Japan Standard Time)
[debug] [2025-09-18T14:59:18.834Z] ----------------------------------------------------------------------
[debug] 
[debug] [2025-09-18T14:59:18.837Z] > command requires scopes: ["email","openid","https://www.googleapis.com/auth/cloudplatformprojects.readonly","https://www.googleapis.com/auth/firebase","https://www.googleapis.com/auth/cloud-platform"]
[debug] [2025-09-18T14:59:18.837Z] > authorizing via signed-in user (blckcaties@gmail.com)
[info] 
     ######## #### ########  ######## ########     ###     ######  ########
     ##        ##  ##     ## ##       ##     ##  ##   ##  ##       ##
     ######    ##  ########  ######   ########  #########  ######  ######
     ##        ##  ##    ##  ##       ##     ## ##     ##       ## ##
     ##       #### ##     ## ######## ########  ##     ##  ######  ########

You're about to initialize a Firebase project in this directory:

  /home/yaruha/project-dev/web-app/jisou-app/kadai4

[info] 
=== Project Setup
[info] 
[info] First, let's associate this project directory with a Firebase project.
[info] You can create multiple project aliases by running firebase use --add, 
[info] but for now we'll just set up a default project.
[info] 
[debug] [2025-09-18T14:59:33.923Z] Checked if tokens are valid: true, expires at: 1758211150710
[debug] [2025-09-18T14:59:33.923Z] Checked if tokens are valid: true, expires at: 1758211150710
[debug] [2025-09-18T14:59:33.924Z] >>> [apiv2][query] GET https://firebase.googleapis.com/v1beta1/projects pageSize=100
[debug] [2025-09-18T14:59:34.538Z] <<< [apiv2][status] GET https://firebase.googleapis.com/v1beta1/projects 200
[debug] [2025-09-18T14:59:34.538Z] <<< [apiv2][body] GET https://firebase.googleapis.com/v1beta1/projects [omitted]
[info] i  Using project jisou-project (jisou-project) 
[info] 
=== Hosting Setup
[debug] [2025-09-18T14:59:39.993Z] Checked if tokens are valid: true, expires at: 1758211150710
[debug] [2025-09-18T14:59:39.994Z] Checked if tokens are valid: true, expires at: 1758211150710
[debug] [2025-09-18T14:59:39.994Z] >>> [apiv2][query] GET https://firebase.googleapis.com/v1beta1/projects/jisou-project [none]
[debug] [2025-09-18T14:59:40.362Z] <<< [apiv2][status] GET https://firebase.googleapis.com/v1beta1/projects/jisou-project 200
[debug] [2025-09-18T14:59:40.362Z] <<< [apiv2][body] GET https://firebase.googleapis.com/v1beta1/projects/jisou-project {"projectId":"jisou-project","projectNumber":"75863146731","displayName":"jisou-project","name":"projects/jisou-project","resources":{"hostingSite":"jisou-project"},"state":"ACTIVE","etag":"1_ca88b13c-a9f0-4e47-aa26-7e04cf6d4be3"}
[info] 
[info] Your public directory is the folder (relative to your project directory) that
[info] will contain Hosting assets to be uploaded with firebase deploy. If you
[info] have a build process for your assets, use your build's output directory.
[info] 
[debug] [2025-09-18T14:59:55.847Z] >>> [apiv2][query] GET https://www.gstatic.com/firebasejs/releases.json [none]
[debug] [2025-09-18T14:59:56.016Z] <<< [apiv2][status] GET https://www.gstatic.com/firebasejs/releases.json 200
[debug] [2025-09-18T14:59:56.016Z] <<< [apiv2][body] GET https://www.gstatic.com/firebasejs/releases.json {"current":{"version":"12.2.1","browserURL":"https://www.gstatic.com/firebasejs/12.2.1/firebase.js","packageURL":"https://www.gstatic.com/firebasejs/12.2.1/firebase.tgz"},"live":{"version":"12.2","browserURL":"https://www.gstatic.com/firebasejs/live/12.2/firebase.js","packageURL":"https://www.gstatic.com/firebasejs/live/12.2/firebase.tgz"},"components":{"ai":"https://www.gstatic.com/firebasejs/12.2.1/firebase-ai.js","analytics":"https://www.gstatic.com/firebasejs/12.2.1/firebase-analytics.js","app":"https://www.gstatic.com/firebasejs/12.2.1/firebase-app.js","app-check":"https://www.gstatic.com/firebasejs/12.2.1/firebase-app-check.js","auth":"https://www.gstatic.com/firebasejs/12.2.1/firebase-auth.js","auth/cordova":"https://www.gstatic.com/firebasejs/12.2.1/firebase-auth/cordova.js","auth/web-extension":"https://www.gstatic.com/firebasejs/12.2.1/firebase-auth/web-extension.js","functions":"https://www.gstatic.com/firebasejs/12.2.1/firebase-functions.js","firestore":"https://www.gstatic.com/firebasejs/12.2.1/firebase-firestore.js","firestore/lite":"https://www.gstatic.com/firebasejs/12.2.1/firebase-firestore/lite.js","installations":"https://www.gstatic.com/firebasejs/12.2.1/firebase-installations.js","storage":"https://www.gstatic.com/firebasejs/12.2.1/firebase-storage.js","performance":"https://www.gstatic.com/firebasejs/12.2.1/firebase-performance.js","remote-config":"https://www.gstatic.com/firebasejs/12.2.1/firebase-remote-config.js","messaging":"https://www.gstatic.com/firebasejs/12.2.1/firebase-messaging.js","messaging/sw":"https://www.gstatic.com/firebasejs/12.2.1/firebase-messaging/sw.js","database":"https://www.gstatic.com/firebasejs/12.2.1/firebase-database.js","data-connect":"https://www.gstatic.com/firebasejs/12.2.1/firebase-data-connect.js","firestore.memory":"https://www.gstatic.com/firebasejs/12.2.1/firebase-firestore.memory.js"}}
[info] ✔  Wrote dist/index.html 
[info] 
[info] i  Detected a .git folder at /home/yaruha/project-dev/web-app/jisou-app/kadai4 
[info] i  Authorizing with GitHub to upload your service account to a GitHub repository's secrets store. 
[info] 
[info] Visit this URL on this device to log in:
[info] https://github.com/login/oauth/authorize?client_id=89cf50f02ac6aaed3484&state=584899682&redirect_uri=http%3A%2F%2Flocalhost%3A9005&scope=read%3Auser%20repo%20public_repo
[info] 
[info] Waiting for authentication...
[debug] [2025-09-18T14:59:57.100Z] >>> [apiv2][query] POST https://github.com/login/oauth/access_token [none]
[debug] [2025-09-18T14:59:57.100Z] >>> [apiv2][body] POST https://github.com/login/oauth/access_token [stream]
[debug] [2025-09-18T14:59:57.451Z] <<< [apiv2][status] POST https://github.com/login/oauth/access_token 200
[debug] [2025-09-18T14:59:57.451Z] <<< [apiv2][body] POST https://github.com/login/oauth/access_token {"access_token":"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","token_type":"bearer","scope":"read:user,repo"}
[debug] [2025-09-18T14:59:57.451Z] >>> [apiv2][query] GET https://api.github.com/user [none]
[debug] [2025-09-18T14:59:58.223Z] <<< [apiv2][status] GET https://api.github.com/user 200
[debug] [2025-09-18T14:59:58.223Z] <<< [apiv2][body] GET https://api.github.com/user {"login":"mkiin","id":136669318,"node_id":"U_kgDOCCVohg","avatar_url":"https://avatars.githubusercontent.com/u/136669318?v=4","gravatar_id":"","url":"https://api.github.com/users/mkiin","html_url":"https://github.com/mkiin","followers_url":"https://api.github.com/users/mkiin/followers","following_url":"https://api.github.com/users/mkiin/following{/other_user}","gists_url":"https://api.github.com/users/mkiin/gists{/gist_id}","starred_url":"https://api.github.com/users/mkiin/starred{/owner}{/repo}","subscriptions_url":"https://api.github.com/users/mkiin/subscriptions","organizations_url":"https://api.github.com/users/mkiin/orgs","repos_url":"https://api.github.com/users/mkiin/repos","events_url":"https://api.github.com/users/mkiin/events{/privacy}","received_events_url":"https://api.github.com/users/mkiin/received_events","type":"User","user_view_type":"private","site_admin":false,"name":null,"company":null,"blog":"","location":null,"email":null,"hireable":null,"bio":null,"twitter_username":null,"notification_email":null,"public_repos":9,"public_gists":2,"followers":3,"following":6,"created_at":"2023-06-15T03:34:55Z","updated_at":"2025-09-17T23:33:00Z","private_gists":0,"total_private_repos":69,"owned_private_repos":69,"disk_usage":297984,"collaborators":2,"two_factor_authentication":false,"plan":{"name":"free","space":976562499,"collaborators":0,"private_repos":10000}}
[info] 
[info] ✔  Success! Logged into GitHub as mkiin 
[info] 
